<?xml version="1.0" encoding="UTF-8"?>
<testsuite xmlns:xsi="http://www.w3.org/2001/XMLSchema-instance" xsi:noNamespaceSchemaLocation="https://maven.apache.org/surefire/maven-surefire-plugin/xsd/surefire-test-report-3.0.xsd" version="3.0" name="cse4321.Method8Test" time="0.068" tests="8" errors="0" skipped="0" failures="7">
  <properties>
[...]
</properties>
  <testcase name="testPrintOutput" classname="cse4321.Method8Test" time="0.029">
    <failure type="org.opentest4j.AssertionFailedError"><![CDATA[org.opentest4j.AssertionFailedError: 
expected: <error," ".
> but was: <identifier," ".
>
	at cse4321.Method8Test.testPrintOutput(Method8Test.java:31)
]]></failure>
  </testcase>
  <testcase name="testPrintOutput2" classname="cse4321.Method8Test" time="0.001"/>
  <testcase name="testPrintOutput3" classname="cse4321.Method8Test" time="0.003">
    <failure type="org.opentest4j.AssertionFailedError"><![CDATA[org.opentest4j.AssertionFailedError: 
expected: <lparen.
> but was: <>
	at cse4321.Method8Test.testPrintOutput3(Method8Test.java:43)
]]></failure>
  </testcase>
  <testcase name="testPrintOutput4" classname="cse4321.Method8Test" time="0.005">
    <failure type="org.opentest4j.AssertionFailedError"><![CDATA[org.opentest4j.AssertionFailedError: 
expected: <identifier,"a1".
> but was: <error,"a1".
>
	at cse4321.Method8Test.testPrintOutput4(Method8Test.java:49)
]]></failure>
  </testcase>
  <testcase name="testPrintOutput5" classname="cse4321.Method8Test" time="0.001">
    <failure type="org.opentest4j.AssertionFailedError"><![CDATA[org.opentest4j.AssertionFailedError: 
expected: <numeric,"123".
> but was: <identifier,"123".
>
	at cse4321.Method8Test.testPrintOutput5(Method8Test.java:55)
]]></failure>
  </testcase>
  <testcase name="testPrintOutput6" classname="cse4321.Method8Test" time="0.003">
    <failure type="org.opentest4j.AssertionFailedError"><![CDATA[org.opentest4j.AssertionFailedError: 
expected: <string,""asdf"".
> but was: <identifier,""asdf"".
>
	at cse4321.Method8Test.testPrintOutput6(Method8Test.java:61)
]]></failure>
  </testcase>
  <testcase name="testPrintOutput7" classname="cse4321.Method8Test" time="0.002">
    <failure type="org.opentest4j.AssertionFailedError"><![CDATA[org.opentest4j.AssertionFailedError: 
expected: <character,"#a".
> but was: <identifier,"#a".
>
	at cse4321.Method8Test.testPrintOutput7(Method8Test.java:67)
]]></failure>
  </testcase>
  <testcase name="testPrintOutput8" classname="cse4321.Method8Test" time="0.001">
    <failure type="org.opentest4j.AssertionFailedError"><![CDATA[org.opentest4j.AssertionFailedError: 
expected: <comment,";aaaa".
> but was: <identifier,";aaaa".
>
	at cse4321.Method8Test.testPrintOutput8(Method8Test.java:73)
]]></failure>
  </testcase>
</testsuite>