<?xml version="1.0" encoding="UTF-8"?>
<testsuite xmlns:xsi="http://www.w3.org/2001/XMLSchema-instance" xsi:noNamespaceSchemaLocation="https://maven.apache.org/surefire/maven-surefire-plugin/xsd/surefire-test-report-3.0.xsd" version="3.0" name="Method6Test" time="0.023" tests="1" errors="1" skipped="0" failures="0">
  <properties>
[...]
</properties>
  <testcase name="isTokenEndTest1" classname="Method6Test" time="0.014">
    <error type="java.lang.NoSuchMethodException"><![CDATA[java.lang.NoSuchMethodException: cse4321.Printtokens.is_token_end(java.lang.Integer,java.lang.Integer)
	at Method6Test.isTokenEndTest1(Method6Test.java:13)
]]></error>
  </testcase>
</testsuite>